{
  "/mnt/disque_local/Travail/2026 - OC/Projet_04/Projet_4/frontend/src/services/api.ts": {
    "path": "/mnt/disque_local/Travail/2026 - OC/Projet_04/Projet_4/frontend/src/services/api.ts",
    "statementMap": {
      "0": {
        "start": {
          "line": 2,
          "column": 12
        },
        "end": {
          "line": 7,
          "column": 2
        }
      }
    },
    "fnMap": {},
    "branchMap": {},
    "s": {
      "0": 36
    },
    "f": {},
    "b": {},
    "inputSourceMap": {
      "version": 3,
      "sources": [
        "/mnt/disque_local/Travail/2026 - OC/Projet_04/Projet_4/frontend/src/services/api.ts"
      ],
      "mappings": "AAAA,OAAO,WAAW;AAElB,MAAM,MAAM,MAAM,OAAO;AAAA,EACvB,SAAS;AAAA,EACT,SAAS;AAAA,IACP,gBAAgB;AAAA,EAClB;AACF,CAAC;AAED,eAAe;",
      "names": []
    },
    "_coverageSchema": "1a1c01bbd47fc00a2c39e90264f33305004495a9",
    "hash": "a9affd7d8857a4659389f1bdd12fadf15d69bb9e"
  },
  "/mnt/disque_local/Travail/2026 - OC/Projet_04/Projet_4/frontend/src/services/auth.service.ts": {
    "path": "/mnt/disque_local/Travail/2026 - OC/Projet_04/Projet_4/frontend/src/services/auth.service.ts",
    "statementMap": {
      "0": {
        "start": {
          "line": 2,
          "column": 27
        },
        "end": {
          "line": 46,
          "column": 1
        }
      },
      "1": {
        "start": {
          "line": 4,
          "column": 21
        },
        "end": {
          "line": 4,
          "column": 63
        }
      },
      "2": {
        "start": {
          "line": 5,
          "column": 4
        },
        "end": {
          "line": 8,
          "column": 5
        }
      },
      "3": {
        "start": {
          "line": 6,
          "column": 6
        },
        "end": {
          "line": 6,
          "column": 57
        }
      },
      "4": {
        "start": {
          "line": 7,
          "column": 6
        },
        "end": {
          "line": 7,
          "column": 66
        }
      },
      "5": {
        "start": {
          "line": 9,
          "column": 4
        },
        "end": {
          "line": 9,
          "column": 25
        }
      },
      "6": {
        "start": {
          "line": 12,
          "column": 21
        },
        "end": {
          "line": 12,
          "column": 59
        }
      },
      "7": {
        "start": {
          "line": 13,
          "column": 4
        },
        "end": {
          "line": 16,
          "column": 5
        }
      },
      "8": {
        "start": {
          "line": 14,
          "column": 6
        },
        "end": {
          "line": 14,
          "column": 57
        }
      },
      "9": {
        "start": {
          "line": 15,
          "column": 6
        },
        "end": {
          "line": 15,
          "column": 66
        }
      },
      "10": {
        "start": {
          "line": 17,
          "column": 4
        },
        "end": {
          "line": 17,
          "column": 25
        }
      },
      "11": {
        "start": {
          "line": 20,
          "column": 4
        },
        "end": {
          "line": 20,
          "column": 37
        }
      },
      "12": {
        "start": {
          "line": 21,
          "column": 4
        },
        "end": {
          "line": 21,
          "column": 36
        }
      },
      "13": {
        "start": {
          "line": 24,
          "column": 20
        },
        "end": {
          "line": 24,
          "column": 48
        }
      },
      "14": {
        "start": {
          "line": 25,
          "column": 4
        },
        "end": {
          "line": 27,
          "column": 5
        }
      },
      "15": {
        "start": {
          "line": 26,
          "column": 6
        },
        "end": {
          "line": 26,
          "column": 33
        }
      },
      "16": {
        "start": {
          "line": 28,
          "column": 4
        },
        "end": {
          "line": 28,
          "column": 16
        }
      },
      "17": {
        "start": {
          "line": 31,
          "column": 20
        },
        "end": {
          "line": 31,
          "column": 48
        }
      },
      "18": {
        "start": {
          "line": 32,
          "column": 4
        },
        "end": {
          "line": 34,
          "column": 5
        }
      },
      "19": {
        "start": {
          "line": 33,
          "column": 6
        },
        "end": {
          "line": 33,
          "column": 18
        }
      },
      "20": {
        "start": {
          "line": 35,
          "column": 21
        },
        "end": {
          "line": 35,
          "column": 40
        }
      },
      "21": {
        "start": {
          "line": 36,
          "column": 21
        },
        "end": {
          "line": 36,
          "column": 48
        }
      },
      "22": {
        "start": {
          "line": 37,
          "column": 4
        },
        "end": {
          "line": 37,
          "column": 59
        }
      },
      "23": {
        "start": {
          "line": 38,
          "column": 4
        },
        "end": {
          "line": 38,
          "column": 20
        }
      },
      "24": {
        "start": {
          "line": 41,
          "column": 4
        },
        "end": {
          "line": 41,
          "column": 41
        }
      },
      "25": {
        "start": {
          "line": 44,
          "column": 4
        },
        "end": {
          "line": 44,
          "column": 43
        }
      }
    },
    "fnMap": {
      "0": {
        "name": "(anonymous_0)",
        "decl": {
          "start": {
            "line": 3,
            "column": 9
          },
          "end": {
            "line": 3,
            "column": 10
          }
        },
        "loc": {
          "start": {
            "line": 3,
            "column": 32
          },
          "end": {
            "line": 10,
            "column": 3
          }
        },
        "line": 3
      },
      "1": {
        "name": "(anonymous_1)",
        "decl": {
          "start": {
            "line": 11,
            "column": 12
          },
          "end": {
            "line": 11,
            "column": 13
          }
        },
        "loc": {
          "start": {
            "line": 11,
            "column": 28
          },
          "end": {
            "line": 18,
            "column": 3
          }
        },
        "line": 11
      },
      "2": {
        "name": "(anonymous_2)",
        "decl": {
          "start": {
            "line": 19,
            "column": 10
          },
          "end": {
            "line": 19,
            "column": 11
          }
        },
        "loc": {
          "start": {
            "line": 19,
            "column": 16
          },
          "end": {
            "line": 22,
            "column": 3
          }
        },
        "line": 19
      },
      "3": {
        "name": "(anonymous_3)",
        "decl": {
          "start": {
            "line": 23,
            "column": 18
          },
          "end": {
            "line": 23,
            "column": 19
          }
        },
        "loc": {
          "start": {
            "line": 23,
            "column": 24
          },
          "end": {
            "line": 29,
            "column": 3
          }
        },
        "line": 23
      },
      "4": {
        "name": "(anonymous_4)",
        "decl": {
          "start": {
            "line": 30,
            "column": 21
          },
          "end": {
            "line": 30,
            "column": 22
          }
        },
        "loc": {
          "start": {
            "line": 30,
            "column": 34
          },
          "end": {
            "line": 39,
            "column": 3
          }
        },
        "line": 30
      },
      "5": {
        "name": "(anonymous_5)",
        "decl": {
          "start": {
            "line": 40,
            "column": 12
          },
          "end": {
            "line": 40,
            "column": 13
          }
        },
        "loc": {
          "start": {
            "line": 40,
            "column": 18
          },
          "end": {
            "line": 42,
            "column": 3
          }
        },
        "line": 40
      },
      "6": {
        "name": "(anonymous_6)",
        "decl": {
          "start": {
            "line": 43,
            "column": 19
          },
          "end": {
            "line": 43,
            "column": 20
          }
        },
        "loc": {
          "start": {
            "line": 43,
            "column": 25
          },
          "end": {
            "line": 45,
            "column": 3
          }
        },
        "line": 43
      }
    },
    "branchMap": {
      "0": {
        "loc": {
          "start": {
            "line": 5,
            "column": 4
          },
          "end": {
            "line": 8,
            "column": 5
          }
        },
        "type": "if",
        "locations": [
          {
            "start": {
              "line": 5,
              "column": 4
            },
            "end": {
              "line": 8,
              "column": 5
            }
          },
          {
            "start": {},
            "end": {}
          }
        ],
        "line": 5
      },
      "1": {
        "loc": {
          "start": {
            "line": 13,
            "column": 4
          },
          "end": {
            "line": 16,
            "column": 5
          }
        },
        "type": "if",
        "locations": [
          {
            "start": {
              "line": 13,
              "column": 4
            },
            "end": {
              "line": 16,
              "column": 5
            }
          },
          {
            "start": {},
            "end": {}
          }
        ],
        "line": 13
      },
      "2": {
        "loc": {
          "start": {
            "line": 25,
            "column": 4
          },
          "end": {
            "line": 27,
            "column": 5
          }
        },
        "type": "if",
        "locations": [
          {
            "start": {
              "line": 25,
              "column": 4
            },
            "end": {
              "line": 27,
              "column": 5
            }
          },
          {
            "start": {},
            "end": {}
          }
        ],
        "line": 25
      },
      "3": {
        "loc": {
          "start": {
            "line": 32,
            "column": 4
          },
          "end": {
            "line": 34,
            "column": 5
          }
        },
        "type": "if",
        "locations": [
          {
            "start": {
              "line": 32,
              "column": 4
            },
            "end": {
              "line": 34,
              "column": 5
            }
          },
          {
            "start": {},
            "end": {}
          }
        ],
        "line": 32
      }
    },
    "s": {
      "0": 36,
      "1": 27,
      "2": 26,
      "3": 26,
      "4": 26,
      "5": 26,
      "6": 4,
      "7": 3,
      "8": 3,
      "9": 3,
      "10": 3,
      "11": 2,
      "12": 2,
      "13": 8226,
      "14": 8226,
      "15": 8030,
      "16": 196,
      "17": 20,
      "18": 20,
      "19": 0,
      "20": 20,
      "21": 20,
      "22": 20,
      "23": 20,
      "24": 7778,
      "25": 760
    },
    "f": {
      "0": 27,
      "1": 4,
      "2": 2,
      "3": 8226,
      "4": 20,
      "5": 7778,
      "6": 760
    },
    "b": {
      "0": [
        26,
        0
      ],
      "1": [
        3,
        0
      ],
      "2": [
        8030,
        196
      ],
      "3": [
        0,
        20
      ]
    },
    "inputSourceMap": {
      "version": 3,
      "sources": [
        "/mnt/disque_local/Travail/2026 - OC/Projet_04/Projet_4/frontend/src/services/auth.service.ts"
      ],
      "mappings": "AAAA,OAAO,SAAS;AAGT,aAAM,cAAc;AAAA,EACzB,OAAO,OAAO,gBAAyD;AACrE,UAAM,WAAW,MAAM,IAAI,KAAmB,eAAe,WAAW;AACxE,QAAI,SAAS,KAAK,OAAO;AACvB,mBAAa,QAAQ,SAAS,SAAS,KAAK,KAAK;AACjD,mBAAa,QAAQ,QAAQ,KAAK,UAAU,SAAS,IAAI,CAAC;AAAA,IAC5D;AACA,WAAO,SAAS;AAAA,EAClB;AAAA,EAEA,UAAU,OAAO,SAA8C;AAC7D,UAAM,WAAW,MAAM,IAAI,KAAmB,kBAAkB,IAAI;AACpE,QAAI,SAAS,KAAK,OAAO;AACvB,mBAAa,QAAQ,SAAS,SAAS,KAAK,KAAK;AACjD,mBAAa,QAAQ,QAAQ,KAAK,UAAU,SAAS,IAAI,CAAC;AAAA,IAC5D;AACA,WAAO,SAAS;AAAA,EAClB;AAAA,EAEA,QAAQ,MAAM;AACZ,iBAAa,WAAW,OAAO;AAC/B,iBAAa,WAAW,MAAM;AAAA,EAChC;AAAA,EAEA,gBAAgB,MAAmB;AACjC,UAAM,UAAU,aAAa,QAAQ,MAAM;AAC3C,QAAI,SAAS;AACX,aAAO,KAAK,MAAM,OAAO;AAAA,IAC3B;AACA,WAAO;AAAA,EACT;AAAA,EAEA,mBAAmB,CAAC,YAAwD;AAC1E,UAAM,UAAU,aAAa,QAAQ,MAAM;AAC3C,QAAI,CAAC,SAAS;AACZ,aAAO;AAAA,IACT;AACA,UAAM,WAAW,KAAK,MAAM,OAAO;AACnC,UAAM,WAAW,EAAE,GAAG,UAAU,GAAG,QAAQ;AAC3C,iBAAa,QAAQ,QAAQ,KAAK,UAAU,QAAQ,CAAC;AACrD,WAAO;AAAA,EACT;AAAA,EAEA,UAAU,MAAqB;AAC7B,WAAO,aAAa,QAAQ,OAAO;AAAA,EACrC;AAAA,EAEA,iBAAiB,MAAe;AAC9B,WAAO,CAAC,CAAC,aAAa,QAAQ,OAAO;AAAA,EACvC;AACF;",
      "names": []
    },
    "_coverageSchema": "1a1c01bbd47fc00a2c39e90264f33305004495a9",
    "hash": "ecbef7e6d7152ebe590cd97202d25cb9af3cec07"
  },
  "/mnt/disque_local/Travail/2026 - OC/Projet_04/Projet_4/frontend/src/components/Navbar.tsx": {
    "path": "/mnt/disque_local/Travail/2026 - OC/Projet_04/Projet_4/frontend/src/components/Navbar.tsx",
    "statementMap": {
      "0": {
        "start": {
          "line": 2,
          "column": 9
        },
        "end": {
          "line": 2,
          "column": 23
        }
      },
      "1": {
        "start": {
          "line": 6,
          "column": 2
        },
        "end": {
          "line": 6,
          "column": 7
        }
      },
      "2": {
        "start": {
          "line": 7,
          "column": 19
        },
        "end": {
          "line": 7,
          "column": 32
        }
      },
      "3": {
        "start": {
          "line": 8,
          "column": 15
        },
        "end": {
          "line": 8,
          "column": 43
        }
      },
      "4": {
        "start": {
          "line": 9,
          "column": 26
        },
        "end": {
          "line": 9,
          "column": 55
        }
      },
      "5": {
        "start": {
          "line": 10,
          "column": 23
        },
        "end": {
          "line": 13,
          "column": 3
        }
      },
      "6": {
        "start": {
          "line": 11,
          "column": 4
        },
        "end": {
          "line": 11,
          "column": 25
        }
      },
      "7": {
        "start": {
          "line": 12,
          "column": 4
        },
        "end": {
          "line": 12,
          "column": 23
        }
      },
      "8": {
        "start": {
          "line": 14,
          "column": 2
        },
        "end": {
          "line": 89,
          "column": 11
        }
      },
      "9": {
        "start": {
          "line": 91,
          "column": 0
        },
        "end": {
          "line": 93,
          "column": 3
        }
      },
      "10": {
        "start": {
          "line": 92,
          "column": 2
        },
        "end": {
          "line": 92,
          "column": 23
        }
      },
      "11": {
        "start": {
          "line": 94,
          "column": 0
        },
        "end": {
          "line": 94,
          "column": 12
        }
      },
      "12": {
        "start": {
          "line": 97,
          "column": 0
        },
        "end": {
          "line": 97,
          "column": 27
        }
      },
      "13": {
        "start": {
          "line": 99,
          "column": 20
        },
        "end": {
          "line": 99,
          "column": 97
        }
      },
      "14": {
        "start": {
          "line": 100,
          "column": 0
        },
        "end": {
          "line": 114,
          "column": 1
        }
      },
      "15": {
        "start": {
          "line": 101,
          "column": 2
        },
        "end": {
          "line": 105,
          "column": 3
        }
      },
      "16": {
        "start": {
          "line": 102,
          "column": 4
        },
        "end": {
          "line": 104,
          "column": 6
        }
      },
      "17": {
        "start": {
          "line": 106,
          "column": 2
        },
        "end": {
          "line": 113,
          "column": 5
        }
      },
      "18": {
        "start": {
          "line": 107,
          "column": 4
        },
        "end": {
          "line": 107,
          "column": 159
        }
      },
      "19": {
        "start": {
          "line": 108,
          "column": 4
        },
        "end": {
          "line": 112,
          "column": 7
        }
      },
      "20": {
        "start": {
          "line": 109,
          "column": 6
        },
        "end": {
          "line": 109,
          "column": 31
        }
      },
      "21": {
        "start": {
          "line": 109,
          "column": 24
        },
        "end": {
          "line": 109,
          "column": 31
        }
      },
      "22": {
        "start": {
          "line": 110,
          "column": 32
        },
        "end": {
          "line": 110,
          "column": 208
        }
      },
      "23": {
        "start": {
          "line": 111,
          "column": 6
        },
        "end": {
          "line": 111,
          "column": 75
        }
      },
      "24": {
        "start": {
          "line": 111,
          "column": 29
        },
        "end": {
          "line": 111,
          "column": 75
        }
      },
      "25": {
        "start": {
          "line": 116,
          "column": 2
        },
        "end": {
          "line": 116,
          "column": 138
        }
      },
      "26": {
        "start": {
          "line": 119,
          "column": 2
        },
        "end": {
          "line": 119,
          "column": 62
        }
      }
    },
    "fnMap": {
      "0": {
        "name": "Navbar",
        "decl": {
          "start": {
            "line": 5,
            "column": 9
          },
          "end": {
            "line": 5,
            "column": 15
          }
        },
        "loc": {
          "start": {
            "line": 5,
            "column": 18
          },
          "end": {
            "line": 90,
            "column": 1
          }
        },
        "line": 5
      },
      "1": {
        "name": "(anonymous_1)",
        "decl": {
          "start": {
            "line": 10,
            "column": 23
          },
          "end": {
            "line": 10,
            "column": 24
          }
        },
        "loc": {
          "start": {
            "line": 10,
            "column": 29
          },
          "end": {
            "line": 13,
            "column": 3
          }
        },
        "line": 10
      },
      "2": {
        "name": "(anonymous_2)",
        "decl": {
          "start": {
            "line": 91,
            "column": 50
          },
          "end": {
            "line": 91,
            "column": 51
          }
        },
        "loc": {
          "start": {
            "line": 91,
            "column": 61
          },
          "end": {
            "line": 93,
            "column": 1
          }
        },
        "line": 91
      },
      "3": {
        "name": "(anonymous_3)",
        "decl": {
          "start": {
            "line": 106,
            "column": 52
          },
          "end": {
            "line": 106,
            "column": 53
          }
        },
        "loc": {
          "start": {
            "line": 106,
            "column": 72
          },
          "end": {
            "line": 113,
            "column": 3
          }
        },
        "line": 106
      },
      "4": {
        "name": "(anonymous_4)",
        "decl": {
          "start": {
            "line": 108,
            "column": 27
          },
          "end": {
            "line": 108,
            "column": 28
          }
        },
        "loc": {
          "start": {
            "line": 108,
            "column": 44
          },
          "end": {
            "line": 112,
            "column": 5
          }
        },
        "line": 108
      },
      "5": {
        "name": "$RefreshReg$",
        "decl": {
          "start": {
            "line": 115,
            "column": 9
          },
          "end": {
            "line": 115,
            "column": 21
          }
        },
        "loc": {
          "start": {
            "line": 115,
            "column": 32
          },
          "end": {
            "line": 117,
            "column": 1
          }
        },
        "line": 115
      },
      "6": {
        "name": "$RefreshSig$",
        "decl": {
          "start": {
            "line": 118,
            "column": 9
          },
          "end": {
            "line": 118,
            "column": 21
          }
        },
        "loc": {
          "start": {
            "line": 118,
            "column": 24
          },
          "end": {
            "line": 120,
            "column": 1
          }
        },
        "line": 118
      }
    },
    "branchMap": {
      "0": {
        "loc": {
          "start": {
            "line": 20,
            "column": 88
          },
          "end": {
            "line": 72,
            "column": 12
          }
        },
        "type": "cond-expr",
        "locations": [
          {
            "start": {
              "line": 20,
              "column": 122
            },
            "end": {
              "line": 57,
              "column": 12
            }
          },
          {
            "start": {
              "line": 57,
              "column": 31
            },
            "end": {
              "line": 72,
              "column": 12
            }
          }
        ],
        "line": 20
      },
      "1": {
        "loc": {
          "start": {
            "line": 26,
            "column": 6
          },
          "end": {
            "line": 30,
            "column": 21
          }
        },
        "type": "cond-expr",
        "locations": [
          {
            "start": {
              "line": 26,
              "column": 43
            },
            "end": {
              "line": 30,
              "column": 14
            }
          },
          {
            "start": {
              "line": 30,
              "column": 17
            },
            "end": {
              "line": 30,
              "column": 21
            }
          }
        ],
        "line": 26
      },
      "2": {
        "loc": {
          "start": {
            "line": 26,
            "column": 6
          },
          "end": {
            "line": 26,
            "column": 24
          }
        },
        "type": "binary-expr",
        "locations": [
          {
            "start": {
              "line": 26,
              "column": 6
            },
            "end": {
              "line": 26,
              "column": 10
            }
          },
          {
            "start": {
              "line": 26,
              "column": 14
            },
            "end": {
              "line": 26,
              "column": 24
            }
          }
        ],
        "line": 26
      },
      "3": {
        "loc": {
          "start": {
            "line": 99,
            "column": 20
          },
          "end": {
            "line": 99,
            "column": 97
          }
        },
        "type": "binary-expr",
        "locations": [
          {
            "start": {
              "line": 99,
              "column": 20
            },
            "end": {
              "line": 99,
              "column": 60
            }
          },
          {
            "start": {
              "line": 99,
              "column": 64
            },
            "end": {
              "line": 99,
              "column": 97
            }
          }
        ],
        "line": 99
      },
      "4": {
        "loc": {
          "start": {
            "line": 100,
            "column": 0
          },
          "end": {
            "line": 114,
            "column": 1
          }
        },
        "type": "if",
        "locations": [
          {
            "start": {
              "line": 100,
              "column": 0
            },
            "end": {
              "line": 114,
              "column": 1
            }
          },
          {
            "start": {},
            "end": {}
          }
        ],
        "line": 100
      },
      "5": {
        "loc": {
          "start": {
            "line": 100,
            "column": 4
          },
          "end": {
            "line": 100,
            "column": 35
          }
        },
        "type": "binary-expr",
        "locations": [
          {
            "start": {
              "line": 100,
              "column": 4
            },
            "end": {
              "line": 100,
              "column": 19
            }
          },
          {
            "start": {
              "line": 100,
              "column": 23
            },
            "end": {
              "line": 100,
              "column": 35
            }
          }
        ],
        "line": 100
      },
      "6": {
        "loc": {
          "start": {
            "line": 101,
            "column": 2
          },
          "end": {
            "line": 105,
            "column": 3
          }
        },
        "type": "if",
        "locations": [
          {
            "start": {
              "line": 101,
              "column": 2
            },
            "end": {
              "line": 105,
              "column": 3
            }
          },
          {
            "start": {},
            "end": {}
          }
        ],
        "line": 101
      },
      "7": {
        "loc": {
          "start": {
            "line": 109,
            "column": 6
          },
          "end": {
            "line": 109,
            "column": 31
          }
        },
        "type": "if",
        "locations": [
          {
            "start": {
              "line": 109,
              "column": 6
            },
            "end": {
              "line": 109,
              "column": 31
            }
          },
          {
            "start": {},
            "end": {}
          }
        ],
        "line": 109
      },
      "8": {
        "loc": {
          "start": {
            "line": 111,
            "column": 6
          },
          "end": {
            "line": 111,
            "column": 75
          }
        },
        "type": "if",
        "locations": [
          {
            "start": {
              "line": 111,
              "column": 6
            },
            "end": {
              "line": 111,
              "column": 75
            }
          },
          {
            "start": {},
            "end": {}
          }
        ],
        "line": 111
      }
    },
    "s": {
      "0": 36,
      "1": 448,
      "2": 448,
      "3": 448,
      "4": 448,
      "5": 448,
      "6": 1,
      "7": 1,
      "8": 448,
      "9": 36,
      "10": 36,
      "11": 36,
      "12": 36,
      "13": 36,
      "14": 36,
      "15": 36,
      "16": 0,
      "17": 36,
      "18": 36,
      "19": 36,
      "20": 0,
      "21": 0,
      "22": 0,
      "23": 0,
      "24": 0,
      "25": 36,
      "26": 36
    },
    "f": {
      "0": 448,
      "1": 1,
      "2": 36,
      "3": 36,
      "4": 0,
      "5": 36,
      "6": 36
    },
    "b": {
      "0": [
        252,
        196
      ],
      "1": [
        144,
        108
      ],
      "2": [
        252,
        252
      ],
      "3": [
        36,
        0
      ],
      "4": [
        36,
        0
      ],
      "5": [
        36,
        36
      ],
      "6": [
        0,
        36
      ],
      "7": [
        0,
        0
      ],
      "8": [
        0,
        0
      ]
    },
    "inputSourceMap": {
      "version": 3,
      "mappings": "AAiBU,SAMI,UANJ;;AAjBV,SAASA,MAAMC,mBAAmB;AAClC,SAASC,mBAAmB;AAE5B,SAASC,SAAS;AAAAC,KAAA;AAChB,QAAMC,WAAWJ,YAAY;AAC7B,QAAMK,OAAOJ,YAAYK,eAAe;AACxC,QAAMC,kBAAkBN,YAAYM,gBAAgB;AAEpD,QAAMC,eAAeA,MAAY;AAC/BP,gBAAYQ,OAAO;AACnBL,aAAS,QAAQ;AAAA,EACnB;AAEA,SACE,uBAAC,SAAI,WAAU,sCACb,iCAAC,SAAI,WAAU,+BACb,iCAAC,SAAI,WAAU,qCACb;AAAA,2BAAC,QAAK,IAAG,KAAI,WAAU,sBAAoB,2BAA3C;AAAA;AAAA;AAAA;AAAA,WAEA;AAAA,IAEA,uBAAC,SAAI,WAAU,+BACZG,4BACC,mCACE;AAAA,6BAAC,QAAK,IAAG,aAAY,WAAU,yBAAuB,wBAAtD;AAAA;AAAA;AAAA;AAAA,aAEA;AAAA,MACCF,QAAQA,KAAKK,QACZ,uBAAC,QAAK,IAAG,oBAAmB,WAAU,yBAAuB,8BAA7D;AAAA;AAAA;AAAA;AAAA,aAEA,IACE;AAAA,MACJ,uBAAC,QAAK,IAAG,YAAW,WAAU,yBAAwB,WAAQ,WAAS,uBAAvE;AAAA;AAAA;AAAA;AAAA,aAEA;AAAA,MACA;AAAA,QAAC;AAAA;AAAA,UACC,SAASF;AAAAA,UACT,WAAU;AAAA,UACV,WAAQ;AAAA,UAAQ;AAAA;AAAA,QAHlB;AAAA;AAAA;AAAA;AAAA;AAAA;AAAA;AAAA;AAAA,MAMA;AAAA,SAlBF;AAAA;AAAA;AAAA;AAAA,WAmBA,IAEA,mCACE;AAAA,6BAAC,QAAK,IAAG,UAAS,WAAU,yBAAuB,qBAAnD;AAAA;AAAA;AAAA;AAAA,aAEA;AAAA,MACA,uBAAC,QAAK,IAAG,aAAY,WAAU,yBAAuB,wBAAtD;AAAA;AAAA;AAAA;AAAA,aAEA;AAAA,SANF;AAAA;AAAA;AAAA;AAAA,WAOA,KA9BJ;AAAA;AAAA;AAAA;AAAA,WAgCA;AAAA,OArCF;AAAA;AAAA;AAAA;AAAA,SAsCA,KAvCF;AAAA;AAAA;AAAA;AAAA,SAwCA,KAzCF;AAAA;AAAA;AAAA;AAAA,SA0CA;AAEJ;AAACL,GAvDQD,QAAM;AAAA,UACIF,WAAW;AAAA;AAAA,KADrBE;AAyDT,eAAeA;AAAO,IAAAS;AAAA,aAAAA,IAAA",
      "names": [
        "Link",
        "useNavigate",
        "authService",
        "Navbar",
        "_s",
        "navigate",
        "user",
        "getCurrentUser",
        "isAuthenticated",
        "handleLogout",
        "logout",
        "admin",
        "_c"
      ],
      "ignoreList": [],
      "sources": [
        "/mnt/disque_local/Travail/2026 - OC/Projet_04/Projet_4/frontend/src/components/Navbar.tsx"
      ],
      "file": "/mnt/disque_local/Travail/2026 - OC/Projet_04/Projet_4/frontend/src/components/Navbar.tsx"
    },
    "_coverageSchema": "1a1c01bbd47fc00a2c39e90264f33305004495a9",
    "hash": "9f570629389de4bf402988bc87d3ae4008dcc116"
  },
  "/mnt/disque_local/Travail/2026 - OC/Projet_04/Projet_4/frontend/src/pages/Login.tsx": {
    "path": "/mnt/disque_local/Travail/2026 - OC/Projet_04/Projet_4/frontend/src/pages/Login.tsx",
    "statementMap": {
      "0": {
        "start": {
          "line": 2,
          "column": 9
        },
        "end": {
          "line": 2,
          "column": 23
        }
      },
      "1": {
        "start": {
          "line": 7,
          "column": 2
        },
        "end": {
          "line": 7,
          "column": 7
        }
      },
      "2": {
        "start": {
          "line": 8,
          "column": 19
        },
        "end": {
          "line": 8,
          "column": 32
        }
      },
      "3": {
        "start": {
          "line": 9,
          "column": 28
        },
        "end": {
          "line": 9,
          "column": 40
        }
      },
      "4": {
        "start": {
          "line": 10,
          "column": 34
        },
        "end": {
          "line": 10,
          "column": 46
        }
      },
      "5": {
        "start": {
          "line": 11,
          "column": 28
        },
        "end": {
          "line": 11,
          "column": 40
        }
      },
      "6": {
        "start": {
          "line": 12,
          "column": 32
        },
        "end": {
          "line": 12,
          "column": 47
        }
      },
      "7": {
        "start": {
          "line": 13,
          "column": 23
        },
        "end": {
          "line": 25,
          "column": 3
        }
      },
      "8": {
        "start": {
          "line": 14,
          "column": 4
        },
        "end": {
          "line": 14,
          "column": 23
        }
      },
      "9": {
        "start": {
          "line": 15,
          "column": 4
        },
        "end": {
          "line": 15,
          "column": 17
        }
      },
      "10": {
        "start": {
          "line": 16,
          "column": 4
        },
        "end": {
          "line": 16,
          "column": 21
        }
      },
      "11": {
        "start": {
          "line": 17,
          "column": 4
        },
        "end": {
          "line": 24,
          "column": 5
        }
      },
      "12": {
        "start": {
          "line": 18,
          "column": 6
        },
        "end": {
          "line": 18,
          "column": 51
        }
      },
      "13": {
        "start": {
          "line": 19,
          "column": 6
        },
        "end": {
          "line": 19,
          "column": 28
        }
      },
      "14": {
        "start": {
          "line": 21,
          "column": 6
        },
        "end": {
          "line": 21,
          "column": 62
        }
      },
      "15": {
        "start": {
          "line": 23,
          "column": 6
        },
        "end": {
          "line": 23,
          "column": 24
        }
      },
      "16": {
        "start": {
          "line": 26,
          "column": 2
        },
        "end": {
          "line": 142,
          "column": 11
        }
      },
      "17": {
        "start": {
          "line": 50,
          "column": 29
        },
        "end": {
          "line": 50,
          "column": 53
        }
      },
      "18": {
        "start": {
          "line": 80,
          "column": 29
        },
        "end": {
          "line": 80,
          "column": 56
        }
      },
      "19": {
        "start": {
          "line": 144,
          "column": 0
        },
        "end": {
          "line": 146,
          "column": 3
        }
      },
      "20": {
        "start": {
          "line": 145,
          "column": 2
        },
        "end": {
          "line": 145,
          "column": 23
        }
      },
      "21": {
        "start": {
          "line": 147,
          "column": 0
        },
        "end": {
          "line": 147,
          "column": 11
        }
      },
      "22": {
        "start": {
          "line": 150,
          "column": 0
        },
        "end": {
          "line": 150,
          "column": 26
        }
      },
      "23": {
        "start": {
          "line": 152,
          "column": 20
        },
        "end": {
          "line": 152,
          "column": 97
        }
      },
      "24": {
        "start": {
          "line": 153,
          "column": 0
        },
        "end": {
          "line": 167,
          "column": 1
        }
      },
      "25": {
        "start": {
          "line": 154,
          "column": 2
        },
        "end": {
          "line": 158,
          "column": 3
        }
      },
      "26": {
        "start": {
          "line": 155,
          "column": 4
        },
        "end": {
          "line": 157,
          "column": 6
        }
      },
      "27": {
        "start": {
          "line": 159,
          "column": 2
        },
        "end": {
          "line": 166,
          "column": 5
        }
      },
      "28": {
        "start": {
          "line": 160,
          "column": 4
        },
        "end": {
          "line": 160,
          "column": 153
        }
      },
      "29": {
        "start": {
          "line": 161,
          "column": 4
        },
        "end": {
          "line": 165,
          "column": 7
        }
      },
      "30": {
        "start": {
          "line": 162,
          "column": 6
        },
        "end": {
          "line": 162,
          "column": 31
        }
      },
      "31": {
        "start": {
          "line": 162,
          "column": 24
        },
        "end": {
          "line": 162,
          "column": 31
        }
      },
      "32": {
        "start": {
          "line": 163,
          "column": 32
        },
        "end": {
          "line": 163,
          "column": 202
        }
      },
      "33": {
        "start": {
          "line": 164,
          "column": 6
        },
        "end": {
          "line": 164,
          "column": 75
        }
      },
      "34": {
        "start": {
          "line": 164,
          "column": 29
        },
        "end": {
          "line": 164,
          "column": 75
        }
      },
      "35": {
        "start": {
          "line": 169,
          "column": 2
        },
        "end": {
          "line": 169,
          "column": 132
        }
      },
      "36": {
        "start": {
          "line": 172,
          "column": 2
        },
        "end": {
          "line": 172,
          "column": 62
        }
      }
    },
    "fnMap": {
      "0": {
        "name": "Login",
        "decl": {
          "start": {
            "line": 6,
            "column": 9
          },
          "end": {
            "line": 6,
            "column": 14
          }
        },
        "loc": {
          "start": {
            "line": 6,
            "column": 17
          },
          "end": {
            "line": 143,
            "column": 1
          }
        },
        "line": 6
      },
      "1": {
        "name": "(anonymous_1)",
        "decl": {
          "start": {
            "line": 13,
            "column": 23
          },
          "end": {
            "line": 13,
            "column": 24
          }
        },
        "loc": {
          "start": {
            "line": 13,
            "column": 36
          },
          "end": {
            "line": 25,
            "column": 3
          }
        },
        "line": 13
      },
      "2": {
        "name": "(anonymous_2)",
        "decl": {
          "start": {
            "line": 50,
            "column": 22
          },
          "end": {
            "line": 50,
            "column": 23
          }
        },
        "loc": {
          "start": {
            "line": 50,
            "column": 29
          },
          "end": {
            "line": 50,
            "column": 53
          }
        },
        "line": 50
      },
      "3": {
        "name": "(anonymous_3)",
        "decl": {
          "start": {
            "line": 80,
            "column": 22
          },
          "end": {
            "line": 80,
            "column": 23
          }
        },
        "loc": {
          "start": {
            "line": 80,
            "column": 29
          },
          "end": {
            "line": 80,
            "column": 56
          }
        },
        "line": 80
      },
      "4": {
        "name": "(anonymous_4)",
        "decl": {
          "start": {
            "line": 144,
            "column": 49
          },
          "end": {
            "line": 144,
            "column": 50
          }
        },
        "loc": {
          "start": {
            "line": 144,
            "column": 60
          },
          "end": {
            "line": 146,
            "column": 1
          }
        },
        "line": 144
      },
      "5": {
        "name": "(anonymous_5)",
        "decl": {
          "start": {
            "line": 159,
            "column": 52
          },
          "end": {
            "line": 159,
            "column": 53
          }
        },
        "loc": {
          "start": {
            "line": 159,
            "column": 72
          },
          "end": {
            "line": 166,
            "column": 3
          }
        },
        "line": 159
      },
      "6": {
        "name": "(anonymous_6)",
        "decl": {
          "start": {
            "line": 161,
            "column": 27
          },
          "end": {
            "line": 161,
            "column": 28
          }
        },
        "loc": {
          "start": {
            "line": 161,
            "column": 44
          },
          "end": {
            "line": 165,
            "column": 5
          }
        },
        "line": 161
      },
      "7": {
        "name": "$RefreshReg$",
        "decl": {
          "start": {
            "line": 168,
            "column": 9
          },
          "end": {
            "line": 168,
            "column": 21
          }
        },
        "loc": {
          "start": {
            "line": 168,
            "column": 32
          },
          "end": {
            "line": 170,
            "column": 1
          }
        },
        "line": 168
      },
      "8": {
        "name": "$RefreshSig$",
        "decl": {
          "start": {
            "line": 171,
            "column": 9
          },
          "end": {
            "line": 171,
            "column": 21
          }
        },
        "loc": {
          "start": {
            "line": 171,
            "column": 24
          },
          "end": {
            "line": 173,
            "column": 1
          }
        },
        "line": 171
      }
    },
    "branchMap": {
      "0": {
        "loc": {
          "start": {
            "line": 21,
            "column": 15
          },
          "end": {
            "line": 21,
            "column": 60
          }
        },
        "type": "binary-expr",
        "locations": [
          {
            "start": {
              "line": 21,
              "column": 15
            },
            "end": {
              "line": 21,
              "column": 42
            }
          },
          {
            "start": {
              "line": 21,
              "column": 46
            },
            "end": {
              "line": 21,
              "column": 60
            }
          }
        ],
        "line": 21
      },
      "1": {
        "loc": {
          "start": {
            "line": 32,
            "column": 4
          },
          "end": {
            "line": 36,
            "column": 19
          }
        },
        "type": "cond-expr",
        "locations": [
          {
            "start": {
              "line": 32,
              "column": 28
            },
            "end": {
              "line": 36,
              "column": 12
            }
          },
          {
            "start": {
              "line": 36,
              "column": 15
            },
            "end": {
              "line": 36,
              "column": 19
            }
          }
        ],
        "line": 32
      },
      "2": {
        "loc": {
          "start": {
            "line": 105,
            "column": 20
          },
          "end": {
            "line": 105,
            "column": 52
          }
        },
        "type": "cond-expr",
        "locations": [
          {
            "start": {
              "line": 105,
              "column": 30
            },
            "end": {
              "line": 105,
              "column": 42
            }
          },
          {
            "start": {
              "line": 105,
              "column": 45
            },
            "end": {
              "line": 105,
              "column": 52
            }
          }
        ],
        "line": 105
      },
      "3": {
        "loc": {
          "start": {
            "line": 152,
            "column": 20
          },
          "end": {
            "line": 152,
            "column": 97
          }
        },
        "type": "binary-expr",
        "locations": [
          {
            "start": {
              "line": 152,
              "column": 20
            },
            "end": {
              "line": 152,
              "column": 60
            }
          },
          {
            "start": {
              "line": 152,
              "column": 64
            },
            "end": {
              "line": 152,
              "column": 97
            }
          }
        ],
        "line": 152
      },
      "4": {
        "loc": {
          "start": {
            "line": 153,
            "column": 0
          },
          "end": {
            "line": 167,
            "column": 1
          }
        },
        "type": "if",
        "locations": [
          {
            "start": {
              "line": 153,
              "column": 0
            },
            "end": {
              "line": 167,
              "column": 1
            }
          },
          {
            "start": {},
            "end": {}
          }
        ],
        "line": 153
      },
      "5": {
        "loc": {
          "start": {
            "line": 153,
            "column": 4
          },
          "end": {
            "line": 153,
            "column": 35
          }
        },
        "type": "binary-expr",
        "locations": [
          {
            "start": {
              "line": 153,
              "column": 4
            },
            "end": {
              "line": 153,
              "column": 19
            }
          },
          {
            "start": {
              "line": 153,
              "column": 23
            },
            "end": {
              "line": 153,
              "column": 35
            }
          }
        ],
        "line": 153
      },
      "6": {
        "loc": {
          "start": {
            "line": 154,
            "column": 2
          },
          "end": {
            "line": 158,
            "column": 3
          }
        },
        "type": "if",
        "locations": [
          {
            "start": {
              "line": 154,
              "column": 2
            },
            "end": {
              "line": 158,
              "column": 3
            }
          },
          {
            "start": {},
            "end": {}
          }
        ],
        "line": 154
      },
      "7": {
        "loc": {
          "start": {
            "line": 162,
            "column": 6
          },
          "end": {
            "line": 162,
            "column": 31
          }
        },
        "type": "if",
        "locations": [
          {
            "start": {
              "line": 162,
              "column": 6
            },
            "end": {
              "line": 162,
              "column": 31
            }
          },
          {
            "start": {},
            "end": {}
          }
        ],
        "line": 162
      },
      "8": {
        "loc": {
          "start": {
            "line": 164,
            "column": 6
          },
          "end": {
            "line": 164,
            "column": 75
          }
        },
        "type": "if",
        "locations": [
          {
            "start": {
              "line": 164,
              "column": 6
            },
            "end": {
              "line": 164,
              "column": 75
            }
          },
          {
            "start": {},
            "end": {}
          }
        ],
        "line": 164
      }
    },
    "s": {
      "0": 36,
      "1": 2244,
      "2": 2244,
      "3": 2244,
      "4": 2244,
      "5": 2244,
      "6": 2244,
      "7": 2244,
      "8": 27,
      "9": 27,
      "10": 27,
      "11": 27,
      "12": 27,
      "13": 26,
      "14": 1,
      "15": 27,
      "16": 2244,
      "17": 627,
      "18": 435,
      "19": 36,
      "20": 31,
      "21": 36,
      "22": 36,
      "23": 36,
      "24": 36,
      "25": 36,
      "26": 0,
      "27": 36,
      "28": 36,
      "29": 36,
      "30": 0,
      "31": 0,
      "32": 0,
      "33": 0,
      "34": 0,
      "35": 36,
      "36": 36
    },
    "f": {
      "0": 2244,
      "1": 27,
      "2": 627,
      "3": 435,
      "4": 31,
      "5": 36,
      "6": 0,
      "7": 36,
      "8": 36
    },
    "b": {
      "0": [
        1,
        0
      ],
      "1": [
        2,
        2242
      ],
      "2": [
        54,
        2190
      ],
      "3": [
        36,
        0
      ],
      "4": [
        36,
        0
      ],
      "5": [
        36,
        36
      ],
      "6": [
        0,
        36
      ],
      "7": [
        0,
        0
      ],
      "8": [
        0,
        0
      ]
    },
    "inputSourceMap": {
      "version": 3,
      "mappings": "AA8BQ;;AA9BR,SAASA,gBAAgB;AACzB,SAASC,aAAaC,YAAY;AAClC,SAASC,mBAAmB;AAG5B,SAASC,QAAQ;AAAAC,KAAA;AACf,QAAMC,WAAWL,YAAY;AAC7B,QAAM,CAACM,OAAOC,QAAQ,IAAIR,SAAiB,EAAE;AAC7C,QAAM,CAACS,UAAUC,WAAW,IAAIV,SAAiB,EAAE;AACnD,QAAM,CAACW,OAAOC,QAAQ,IAAIZ,SAAiB,EAAE;AAC7C,QAAM,CAACa,SAASC,UAAU,IAAId,SAAkB,KAAK;AAErD,QAAMe,eAAe,OAAOC,MAAkC;AAC5DA,MAAEC,eAAe;AACjBL,aAAS,EAAE;AACXE,eAAW,IAAI;AAEf,QAAI;AACF,YAAMX,YAAYe,MAAM,EAAEX,OAAOE,SAAS,CAAC;AAC3CH,eAAS,WAAW;AAAA,IACtB,SAASa,KAAU;AACjBP,eAASO,IAAIC,UAAUC,MAAMC,WAAW,cAAc;AAAA,IACxD,UAAC;AACCR,iBAAW,KAAK;AAAA,IAClB;AAAA,EACF;AAEA,SACE,uBAAC,SAAI,WAAU,wEACb,iCAAC,SAAI,WAAU,qDACb;AAAA,2BAAC,QAAG,WAAU,qDAAoD,WAAQ,SAAO,oCAAjF;AAAA;AAAA;AAAA;AAAA,WAEA;AAAA,IAECH,QACC,uBAAC,SAAI,WAAU,wEAAuE,WAAQ,eAC3FA,mBADH;AAAA;AAAA;AAAA;AAAA,WAEA,IACE;AAAA,IAEJ,uBAAC,UAAK,UAAUI,cACd;AAAA,6BAAC,SAAI,WAAU,QACb;AAAA,+BAAC,WAAM,WAAU,8CAA6C,SAAQ,eAAc,WAAQ,eAAa,qBAAzG;AAAA;AAAA;AAAA;AAAA,eAEA;AAAA,QACA;AAAA,UAAC;AAAA;AAAA,YACC,IAAG;AAAA,YACH,MAAK;AAAA,YACL,OAAOR;AAAAA,YACP,UAAU,CAACS,MAAMR,SAASQ,EAAEO,OAAOC,KAAK;AAAA,YACxC,WAAU;AAAA,YACV,UAAQ;AAAA;AAAA,UANV;AAAA;AAAA;AAAA;AAAA;AAAA;AAAA;AAAA;AAAA,QAMU;AAAA,WAVZ;AAAA;AAAA;AAAA;AAAA,aAYA;AAAA,MAEA,uBAAC,SAAI,WAAU,QACb;AAAA,+BAAC,WAAM,WAAU,8CAA6C,SAAQ,kBAAgB,wBAAtF;AAAA;AAAA;AAAA;AAAA,eAEA;AAAA,QACA;AAAA,UAAC;AAAA;AAAA,YACC,IAAG;AAAA,YACH,MAAK;AAAA,YACL,OAAOf;AAAAA,YACP,UAAU,CAACO,MAAMN,YAAYM,EAAEO,OAAOC,KAAK;AAAA,YAC3C,WAAU;AAAA,YACV,UAAQ;AAAA;AAAA,UANV;AAAA;AAAA;AAAA;AAAA;AAAA;AAAA;AAAA;AAAA,QAMU;AAAA,WAVZ;AAAA;AAAA;AAAA;AAAA,aAYA;AAAA,MAEA;AAAA,QAAC;AAAA;AAAA,UACC,WAAQ;AAAA,UACR,MAAK;AAAA,UACL,UAAUX;AAAAA,UACV,WAAU;AAAA,UAETA,oBAAU,eAAe;AAAA;AAAA,QAN5B;AAAA;AAAA;AAAA;AAAA;AAAA;AAAA;AAAA;AAAA,MAOA;AAAA,SApCF;AAAA;AAAA;AAAA;AAAA,WAqCA;AAAA,IAEA,uBAAC,OAAE,WAAU,kCAAgC;AAAA;AAAA,MACpB;AAAA,MACvB,uBAAC,QAAK,IAAG,aAAY,WAAU,yCAAwC,WAAQ,YAAU,6BAAzF;AAAA;AAAA;AAAA;AAAA,aAEA;AAAA,SAJF;AAAA;AAAA;AAAA;AAAA,WAKA;AAAA,OAvDF;AAAA;AAAA;AAAA;AAAA,SAwDA,KAzDF;AAAA;AAAA;AAAA;AAAA,SA0DA;AAEJ;AAACR,GAnFQD,OAAK;AAAA,UACKH,WAAW;AAAA;AAAA,KADrBG;AAqFT,eAAeA;AAAM,IAAAqB;AAAA,aAAAA,IAAA",
      "names": [
        "useState",
        "useNavigate",
        "Link",
        "authService",
        "Login",
        "_s",
        "navigate",
        "email",
        "setEmail",
        "password",
        "setPassword",
        "error",
        "setError",
        "loading",
        "setLoading",
        "handleSubmit",
        "e",
        "preventDefault",
        "login",
        "err",
        "response",
        "data",
        "message",
        "target",
        "value",
        "_c"
      ],
      "ignoreList": [],
      "sources": [
        "/mnt/disque_local/Travail/2026 - OC/Projet_04/Projet_4/frontend/src/pages/Login.tsx"
      ],
      "file": "/mnt/disque_local/Travail/2026 - OC/Projet_04/Projet_4/frontend/src/pages/Login.tsx"
    },
    "_coverageSchema": "1a1c01bbd47fc00a2c39e90264f33305004495a9",
    "hash": "3770f2581ee32b69b59e3f20935d7acb1c1bbfd0"
  },
  "/mnt/disque_local/Travail/2026 - OC/Projet_04/Projet_4/frontend/src/pages/Register.tsx": {
    "path": "/mnt/disque_local/Travail/2026 - OC/Projet_04/Projet_4/frontend/src/pages/Register.tsx",
    "statementMap": {
      "0": {
        "start": {
          "line": 2,
          "column": 9
        },
        "end": {
          "line": 2,
          "column": 23
        }
      },
      "1": {
        "start": {
          "line": 7,
          "column": 2
        },
        "end": {
          "line": 7,
          "column": 7
        }
      },
      "2": {
        "start": {
          "line": 8,
          "column": 19
        },
        "end": {
          "line": 8,
          "column": 32
        }
      },
      "3": {
        "start": {
          "line": 9,
          "column": 34
        },
        "end": {
          "line": 14,
          "column": 4
        }
      },
      "4": {
        "start": {
          "line": 15,
          "column": 28
        },
        "end": {
          "line": 15,
          "column": 40
        }
      },
      "5": {
        "start": {
          "line": 16,
          "column": 32
        },
        "end": {
          "line": 16,
          "column": 47
        }
      },
      "6": {
        "start": {
          "line": 17,
          "column": 23
        },
        "end": {
          "line": 22,
          "column": 3
        }
      },
      "7": {
        "start": {
          "line": 18,
          "column": 4
        },
        "end": {
          "line": 21,
          "column": 7
        }
      },
      "8": {
        "start": {
          "line": 23,
          "column": 23
        },
        "end": {
          "line": 35,
          "column": 3
        }
      },
      "9": {
        "start": {
          "line": 24,
          "column": 4
        },
        "end": {
          "line": 24,
          "column": 23
        }
      },
      "10": {
        "start": {
          "line": 25,
          "column": 4
        },
        "end": {
          "line": 25,
          "column": 17
        }
      },
      "11": {
        "start": {
          "line": 26,
          "column": 4
        },
        "end": {
          "line": 26,
          "column": 21
        }
      },
      "12": {
        "start": {
          "line": 27,
          "column": 4
        },
        "end": {
          "line": 34,
          "column": 5
        }
      },
      "13": {
        "start": {
          "line": 28,
          "column": 6
        },
        "end": {
          "line": 28,
          "column": 43
        }
      },
      "14": {
        "start": {
          "line": 29,
          "column": 6
        },
        "end": {
          "line": 29,
          "column": 28
        }
      },
      "15": {
        "start": {
          "line": 31,
          "column": 6
        },
        "end": {
          "line": 31,
          "column": 69
        }
      },
      "16": {
        "start": {
          "line": 33,
          "column": 6
        },
        "end": {
          "line": 33,
          "column": 24
        }
      },
      "17": {
        "start": {
          "line": 36,
          "column": 2
        },
        "end": {
          "line": 217,
          "column": 11
        }
      },
      "18": {
        "start": {
          "line": 219,
          "column": 0
        },
        "end": {
          "line": 221,
          "column": 3
        }
      },
      "19": {
        "start": {
          "line": 220,
          "column": 2
        },
        "end": {
          "line": 220,
          "column": 23
        }
      },
      "20": {
        "start": {
          "line": 222,
          "column": 0
        },
        "end": {
          "line": 222,
          "column": 14
        }
      },
      "21": {
        "start": {
          "line": 225,
          "column": 0
        },
        "end": {
          "line": 225,
          "column": 29
        }
      },
      "22": {
        "start": {
          "line": 227,
          "column": 20
        },
        "end": {
          "line": 227,
          "column": 97
        }
      },
      "23": {
        "start": {
          "line": 228,
          "column": 0
        },
        "end": {
          "line": 242,
          "column": 1
        }
      },
      "24": {
        "start": {
          "line": 229,
          "column": 2
        },
        "end": {
          "line": 233,
          "column": 3
        }
      },
      "25": {
        "start": {
          "line": 230,
          "column": 4
        },
        "end": {
          "line": 232,
          "column": 6
        }
      },
      "26": {
        "start": {
          "line": 234,
          "column": 2
        },
        "end": {
          "line": 241,
          "column": 5
        }
      },
      "27": {
        "start": {
          "line": 235,
          "column": 4
        },
        "end": {
          "line": 235,
          "column": 156
        }
      },
      "28": {
        "start": {
          "line": 236,
          "column": 4
        },
        "end": {
          "line": 240,
          "column": 7
        }
      },
      "29": {
        "start": {
          "line": 237,
          "column": 6
        },
        "end": {
          "line": 237,
          "column": 31
        }
      },
      "30": {
        "start": {
          "line": 237,
          "column": 24
        },
        "end": {
          "line": 237,
          "column": 31
        }
      },
      "31": {
        "start": {
          "line": 238,
          "column": 32
        },
        "end": {
          "line": 238,
          "column": 205
        }
      },
      "32": {
        "start": {
          "line": 239,
          "column": 6
        },
        "end": {
          "line": 239,
          "column": 75
        }
      },
      "33": {
        "start": {
          "line": 239,
          "column": 29
        },
        "end": {
          "line": 239,
          "column": 75
        }
      },
      "34": {
        "start": {
          "line": 244,
          "column": 2
        },
        "end": {
          "line": 244,
          "column": 135
        }
      },
      "35": {
        "start": {
          "line": 247,
          "column": 2
        },
        "end": {
          "line": 247,
          "column": 62
        }
      }
    },
    "fnMap": {
      "0": {
        "name": "Register",
        "decl": {
          "start": {
            "line": 6,
            "column": 9
          },
          "end": {
            "line": 6,
            "column": 17
          }
        },
        "loc": {
          "start": {
            "line": 6,
            "column": 20
          },
          "end": {
            "line": 218,
            "column": 1
          }
        },
        "line": 6
      },
      "1": {
        "name": "(anonymous_1)",
        "decl": {
          "start": {
            "line": 17,
            "column": 23
          },
          "end": {
            "line": 17,
            "column": 24
          }
        },
        "loc": {
          "start": {
            "line": 17,
            "column": 30
          },
          "end": {
            "line": 22,
            "column": 3
          }
        },
        "line": 17
      },
      "2": {
        "name": "(anonymous_2)",
        "decl": {
          "start": {
            "line": 23,
            "column": 23
          },
          "end": {
            "line": 23,
            "column": 24
          }
        },
        "loc": {
          "start": {
            "line": 23,
            "column": 36
          },
          "end": {
            "line": 35,
            "column": 3
          }
        },
        "line": 23
      },
      "3": {
        "name": "(anonymous_3)",
        "decl": {
          "start": {
            "line": 219,
            "column": 52
          },
          "end": {
            "line": 219,
            "column": 53
          }
        },
        "loc": {
          "start": {
            "line": 219,
            "column": 63
          },
          "end": {
            "line": 221,
            "column": 1
          }
        },
        "line": 219
      },
      "4": {
        "name": "(anonymous_4)",
        "decl": {
          "start": {
            "line": 234,
            "column": 52
          },
          "end": {
            "line": 234,
            "column": 53
          }
        },
        "loc": {
          "start": {
            "line": 234,
            "column": 72
          },
          "end": {
            "line": 241,
            "column": 3
          }
        },
        "line": 234
      },
      "5": {
        "name": "(anonymous_5)",
        "decl": {
          "start": {
            "line": 236,
            "column": 27
          },
          "end": {
            "line": 236,
            "column": 28
          }
        },
        "loc": {
          "start": {
            "line": 236,
            "column": 44
          },
          "end": {
            "line": 240,
            "column": 5
          }
        },
        "line": 236
      },
      "6": {
        "name": "$RefreshReg$",
        "decl": {
          "start": {
            "line": 243,
            "column": 9
          },
          "end": {
            "line": 243,
            "column": 21
          }
        },
        "loc": {
          "start": {
            "line": 243,
            "column": 32
          },
          "end": {
            "line": 245,
            "column": 1
          }
        },
        "line": 243
      },
      "7": {
        "name": "$RefreshSig$",
        "decl": {
          "start": {
            "line": 246,
            "column": 9
          },
          "end": {
            "line": 246,
            "column": 21
          }
        },
        "loc": {
          "start": {
            "line": 246,
            "column": 24
          },
          "end": {
            "line": 248,
            "column": 1
          }
        },
        "line": 246
      }
    },
    "branchMap": {
      "0": {
        "loc": {
          "start": {
            "line": 31,
            "column": 15
          },
          "end": {
            "line": 31,
            "column": 67
          }
        },
        "type": "binary-expr",
        "locations": [
          {
            "start": {
              "line": 31,
              "column": 15
            },
            "end": {
              "line": 31,
              "column": 42
            }
          },
          {
            "start": {
              "line": 31,
              "column": 46
            },
            "end": {
              "line": 31,
              "column": 67
            }
          }
        ],
        "line": 31
      },
      "1": {
        "loc": {
          "start": {
            "line": 42,
            "column": 4
          },
          "end": {
            "line": 46,
            "column": 19
          }
        },
        "type": "cond-expr",
        "locations": [
          {
            "start": {
              "line": 42,
              "column": 28
            },
            "end": {
              "line": 46,
              "column": 12
            }
          },
          {
            "start": {
              "line": 46,
              "column": 15
            },
            "end": {
              "line": 46,
              "column": 19
            }
          }
        ],
        "line": 42
      },
      "2": {
        "loc": {
          "start": {
            "line": 180,
            "column": 20
          },
          "end": {
            "line": 180,
            "column": 59
          }
        },
        "type": "cond-expr",
        "locations": [
          {
            "start": {
              "line": 180,
              "column": 30
            },
            "end": {
              "line": 180,
              "column": 46
            }
          },
          {
            "start": {
              "line": 180,
              "column": 49
            },
            "end": {
              "line": 180,
              "column": 59
            }
          }
        ],
        "line": 180
      },
      "3": {
        "loc": {
          "start": {
            "line": 227,
            "column": 20
          },
          "end": {
            "line": 227,
            "column": 97
          }
        },
        "type": "binary-expr",
        "locations": [
          {
            "start": {
              "line": 227,
              "column": 20
            },
            "end": {
              "line": 227,
              "column": 60
            }
          },
          {
            "start": {
              "line": 227,
              "column": 64
            },
            "end": {
              "line": 227,
              "column": 97
            }
          }
        ],
        "line": 227
      },
      "4": {
        "loc": {
          "start": {
            "line": 228,
            "column": 0
          },
          "end": {
            "line": 242,
            "column": 1
          }
        },
        "type": "if",
        "locations": [
          {
            "start": {
              "line": 228,
              "column": 0
            },
            "end": {
              "line": 242,
              "column": 1
            }
          },
          {
            "start": {},
            "end": {}
          }
        ],
        "line": 228
      },
      "5": {
        "loc": {
          "start": {
            "line": 228,
            "column": 4
          },
          "end": {
            "line": 228,
            "column": 35
          }
        },
        "type": "binary-expr",
        "locations": [
          {
            "start": {
              "line": 228,
              "column": 4
            },
            "end": {
              "line": 228,
              "column": 19
            }
          },
          {
            "start": {
              "line": 228,
              "column": 23
            },
            "end": {
              "line": 228,
              "column": 35
            }
          }
        ],
        "line": 228
      },
      "6": {
        "loc": {
          "start": {
            "line": 229,
            "column": 2
          },
          "end": {
            "line": 233,
            "column": 3
          }
        },
        "type": "if",
        "locations": [
          {
            "start": {
              "line": 229,
              "column": 2
            },
            "end": {
              "line": 233,
              "column": 3
            }
          },
          {
            "start": {},
            "end": {}
          }
        ],
        "line": 229
      },
      "7": {
        "loc": {
          "start": {
            "line": 237,
            "column": 6
          },
          "end": {
            "line": 237,
            "column": 31
          }
        },
        "type": "if",
        "locations": [
          {
            "start": {
              "line": 237,
              "column": 6
            },
            "end": {
              "line": 237,
              "column": 31
            }
          },
          {
            "start": {},
            "end": {}
          }
        ],
        "line": 237
      },
      "8": {
        "loc": {
          "start": {
            "line": 239,
            "column": 6
          },
          "end": {
            "line": 239,
            "column": 75
          }
        },
        "type": "if",
        "locations": [
          {
            "start": {
              "line": 239,
              "column": 6
            },
            "end": {
              "line": 239,
              "column": 75
            }
          },
          {
            "start": {},
            "end": {}
          }
        ],
        "line": 239
      }
    },
    "s": {
      "0": 36,
      "1": 582,
      "2": 582,
      "3": 582,
      "4": 582,
      "5": 582,
      "6": 582,
      "7": 280,
      "8": 582,
      "9": 4,
      "10": 4,
      "11": 4,
      "12": 4,
      "13": 4,
      "14": 3,
      "15": 1,
      "16": 4,
      "17": 582,
      "18": 36,
      "19": 6,
      "20": 36,
      "21": 36,
      "22": 36,
      "23": 36,
      "24": 36,
      "25": 0,
      "26": 36,
      "27": 36,
      "28": 36,
      "29": 0,
      "30": 0,
      "31": 0,
      "32": 0,
      "33": 0,
      "34": 36,
      "35": 36
    },
    "f": {
      "0": 582,
      "1": 280,
      "2": 4,
      "3": 6,
      "4": 36,
      "5": 0,
      "6": 36,
      "7": 36
    },
    "b": {
      "0": [
        1,
        0
      ],
      "1": [
        2,
        580
      ],
      "2": [
        8,
        574
      ],
      "3": [
        36,
        0
      ],
      "4": [
        36,
        0
      ],
      "5": [
        36,
        36
      ],
      "6": [
        0,
        36
      ],
      "7": [
        0,
        0
      ],
      "8": [
        0,
        0
      ]
    },
    "inputSourceMap": {
      "version": 3,
      "mappings": "AA0CQ;;AA1CR,SAAsBA,gBAAgB;AACtC,SAASC,aAAaC,YAAY;AAClC,SAASC,mBAAmB;AAI5B,SAASC,WAAW;AAAAC,KAAA;AAClB,QAAMC,WAAWL,YAAY;AAC7B,QAAM,CAACM,UAAUC,WAAW,IAAIR,SAAuB;AAAA,IACrDS,OAAO;AAAA,IACPC,UAAU;AAAA,IACVC,WAAW;AAAA,IACXC,UAAU;AAAA,EACZ,CAAC;AACD,QAAM,CAACC,OAAOC,QAAQ,IAAId,SAAiB,EAAE;AAC7C,QAAM,CAACe,SAASC,UAAU,IAAIhB,SAAkB,KAAK;AAErD,QAAMiB,eAAeA,CAACC,MAAsD;AAC1EV,gBAAY;AAAA,MACV,GAAGD;AAAAA,MACH,CAACW,EAAEC,OAAOC,IAAI,GAAGF,EAAEC,OAAOE;AAAAA,IAC5B,CAAC;AAAA,EACH;AAEA,QAAMC,eAAe,OAAOJ,MAAkC;AAC5DA,MAAEK,eAAe;AACjBT,aAAS,EAAE;AACXE,eAAW,IAAI;AAEf,QAAI;AACF,YAAMb,YAAYqB,SAASjB,QAAQ;AACnCD,eAAS,WAAW;AAAA,IACtB,SAASmB,KAAU;AACjBX,eAASW,IAAIC,UAAUC,MAAMC,WAAW,qBAAqB;AAAA,IAC/D,UAAC;AACCZ,iBAAW,KAAK;AAAA,IAClB;AAAA,EACF;AAEA,SACE,uBAAC,SAAI,WAAU,wEACb,iCAAC,SAAI,WAAU,qDACb;AAAA,2BAAC,QAAG,WAAU,qDAAoD,WAAQ,SAAO,wCAAjF;AAAA;AAAA;AAAA;AAAA,WAEA;AAAA,IAECH,QACC,uBAAC,SAAI,WAAU,wEAAuE,WAAQ,kBAC3FA,mBADH;AAAA;AAAA;AAAA;AAAA,WAEA,IACE;AAAA,IAEJ,uBAAC,UAAK,UAAUS,cACd;AAAA,6BAAC,SAAI,WAAU,QACb;AAAA,+BAAC,WAAM,WAAU,8CAA6C,SAAQ,mBAAiB,0BAAvF;AAAA;AAAA;AAAA;AAAA,eAEA;AAAA,QACA;AAAA,UAAC;AAAA;AAAA,YACC,IAAG;AAAA,YACH,MAAK;AAAA,YACL,MAAK;AAAA,YACL,OAAOf,SAASI;AAAAA,YAChB,UAAUM;AAAAA,YACV,WAAU;AAAA,YACV,UAAQ;AAAA;AAAA,UAPV;AAAA;AAAA;AAAA;AAAA;AAAA;AAAA;AAAA;AAAA,QAOU;AAAA,WAXZ;AAAA;AAAA;AAAA;AAAA,aAaA;AAAA,MAEA,uBAAC,SAAI,WAAU,QACb;AAAA,+BAAC,WAAM,WAAU,8CAA6C,SAAQ,kBAAgB,yBAAtF;AAAA;AAAA;AAAA;AAAA,eAEA;AAAA,QACA;AAAA,UAAC;AAAA;AAAA,YACC,IAAG;AAAA,YACH,MAAK;AAAA,YACL,MAAK;AAAA,YACL,OAAOV,SAASK;AAAAA,YAChB,UAAUK;AAAAA,YACV,WAAU;AAAA,YACV,UAAQ;AAAA;AAAA,UAPV;AAAA;AAAA;AAAA;AAAA;AAAA;AAAA;AAAA;AAAA,QAOU;AAAA,WAXZ;AAAA;AAAA;AAAA;AAAA,aAaA;AAAA,MAEA,uBAAC,SAAI,WAAU,QACb;AAAA,+BAAC,WAAM,WAAU,8CAA6C,SAAQ,eAAa,qBAAnF;AAAA;AAAA;AAAA;AAAA,eAEA;AAAA,QACA;AAAA,UAAC;AAAA;AAAA,YACC,IAAG;AAAA,YACH,MAAK;AAAA,YACL,MAAK;AAAA,YACL,OAAOV,SAASE;AAAAA,YAChB,UAAUQ;AAAAA,YACV,WAAU;AAAA,YACV,UAAQ;AAAA;AAAA,UAPV;AAAA;AAAA;AAAA;AAAA;AAAA;AAAA;AAAA;AAAA,QAOU;AAAA,WAXZ;AAAA;AAAA;AAAA;AAAA,aAaA;AAAA,MAEA,uBAAC,SAAI,WAAU,QACb;AAAA,+BAAC,WAAM,WAAU,8CAA6C,SAAQ,kBAAgB,wBAAtF;AAAA;AAAA;AAAA;AAAA,eAEA;AAAA,QACA;AAAA,UAAC;AAAA;AAAA,YACC,IAAG;AAAA,YACH,MAAK;AAAA,YACL,MAAK;AAAA,YACL,OAAOV,SAASG;AAAAA,YAChB,UAAUO;AAAAA,YACV,WAAU;AAAA,YACV;AAAA,YACA,WAAW;AAAA;AAAA,UARb;AAAA;AAAA;AAAA;AAAA;AAAA;AAAA;AAAA;AAAA,QAQe;AAAA,WAZjB;AAAA;AAAA;AAAA;AAAA,aAcA;AAAA,MAEA;AAAA,QAAC;AAAA;AAAA,UACC,WAAQ;AAAA,UACR,MAAK;AAAA,UACL,UAAUF;AAAAA,UACV,WAAU;AAAA,UAETA,oBAAU,mBAAmB;AAAA;AAAA,QANhC;AAAA;AAAA;AAAA;AAAA;AAAA;AAAA;AAAA;AAAA,MAOA;AAAA,SArEF;AAAA;AAAA;AAAA;AAAA,WAsEA;AAAA,IAEA,uBAAC,OAAE,WAAU,kCAAgC;AAAA;AAAA,MAClB;AAAA,MACzB,uBAAC,QAAK,IAAG,UAAS,WAAU,yCAAuC,0BAAnE;AAAA;AAAA;AAAA;AAAA,aAEA;AAAA,SAJF;AAAA;AAAA;AAAA;AAAA,WAKA;AAAA,OAxFF;AAAA;AAAA;AAAA;AAAA,SAyFA,KA1FF;AAAA;AAAA;AAAA;AAAA,SA2FA;AAEJ;AAACV,GA/HQD,UAAQ;AAAA,UACEH,WAAW;AAAA;AAAA,KADrBG;AAiIT,eAAeA;AAAS,IAAAyB;AAAA,aAAAA,IAAA",
      "names": [
        "useState",
        "useNavigate",
        "Link",
        "authService",
        "Register",
        "_s",
        "navigate",
        "formData",
        "setFormData",
        "email",
        "password",
        "firstName",
        "lastName",
        "error",
        "setError",
        "loading",
        "setLoading",
        "handleChange",
        "e",
        "target",
        "name",
        "value",
        "handleSubmit",
        "preventDefault",
        "register",
        "err",
        "response",
        "data",
        "message",
        "_c"
      ],
      "ignoreList": [],
      "sources": [
        "/mnt/disque_local/Travail/2026 - OC/Projet_04/Projet_4/frontend/src/pages/Register.tsx"
      ],
      "file": "/mnt/disque_local/Travail/2026 - OC/Projet_04/Projet_4/frontend/src/pages/Register.tsx"
    },
    "_coverageSchema": "1a1c01bbd47fc00a2c39e90264f33305004495a9",
    "hash": "3cf942736a1094d601638cfa21e4fac04f8f97c8"
  },
  "/mnt/disque_local/Travail/2026 - OC/Projet_04/Projet_4/frontend/src/pages/Sessions.tsx": {
    "path": "/mnt/disque_local/Travail/2026 - OC/Projet_04/Projet_4/frontend/src/pages/Sessions.tsx",
    "statementMap": {
      "0": {
        "start": {
          "line": 2,
          "column": 9
        },
        "end": {
          "line": 2,
          "column": 23
        }
      },
      "1": {
        "start": {
          "line": 9,
          "column": 2
        },
        "end": {
          "line": 9,
          "column": 7
        }
      },
      "2": {
        "start": {
          "line": 10,
          "column": 34
        },
        "end": {
          "line": 10,
          "column": 46
        }
      },
      "3": {
        "start": {
          "line": 11,
          "column": 32
        },
        "end": {
          "line": 11,
          "column": 46
        }
      },
      "4": {
        "start": {
          "line": 12,
          "column": 28
        },
        "end": {
          "line": 12,
          "column": 40
        }
      },
      "5": {
        "start": {
          "line": 13,
          "column": 15
        },
        "end": {
          "line": 13,
          "column": 43
        }
      },
      "6": {
        "start": {
          "line": 14,
          "column": 16
        },
        "end": {
          "line": 14,
          "column": 38
        }
      },
      "7": {
        "start": {
          "line": 15,
          "column": 2
        },
        "end": {
          "line": 19,
          "column": 9
        }
      },
      "8": {
        "start": {
          "line": 16,
          "column": 23
        },
        "end": {
          "line": 16,
          "column": 44
        }
      },
      "9": {
        "start": {
          "line": 17,
          "column": 4
        },
        "end": {
          "line": 17,
          "column": 37
        }
      },
      "10": {
        "start": {
          "line": 18,
          "column": 4
        },
        "end": {
          "line": 18,
          "column": 36
        }
      },
      "11": {
        "start": {
          "line": 18,
          "column": 17
        },
        "end": {
          "line": 18,
          "column": 35
        }
      },
      "12": {
        "start": {
          "line": 20,
          "column": 24
        },
        "end": {
          "line": 38,
          "column": 3
        }
      },
      "13": {
        "start": {
          "line": 21,
          "column": 4
        },
        "end": {
          "line": 37,
          "column": 5
        }
      },
      "14": {
        "start": {
          "line": 22,
          "column": 6
        },
        "end": {
          "line": 22,
          "column": 23
        }
      },
      "15": {
        "start": {
          "line": 23,
          "column": 23
        },
        "end": {
          "line": 28,
          "column": 8
        }
      },
      "16": {
        "start": {
          "line": 29,
          "column": 6
        },
        "end": {
          "line": 29,
          "column": 33
        }
      },
      "17": {
        "start": {
          "line": 31,
          "column": 6
        },
        "end": {
          "line": 33,
          "column": 7
        }
      },
      "18": {
        "start": {
          "line": 32,
          "column": 8
        },
        "end": {
          "line": 32,
          "column": 15
        }
      },
      "19": {
        "start": {
          "line": 34,
          "column": 6
        },
        "end": {
          "line": 34,
          "column": 42
        }
      },
      "20": {
        "start": {
          "line": 36,
          "column": 6
        },
        "end": {
          "line": 36,
          "column": 24
        }
      },
      "21": {
        "start": {
          "line": 39,
          "column": 23
        },
        "end": {
          "line": 53,
          "column": 3
        }
      },
      "22": {
        "start": {
          "line": 40,
          "column": 4
        },
        "end": {
          "line": 42,
          "column": 5
        }
      },
      "23": {
        "start": {
          "line": 41,
          "column": 6
        },
        "end": {
          "line": 41,
          "column": 13
        }
      },
      "24": {
        "start": {
          "line": 43,
          "column": 4
        },
        "end": {
          "line": 52,
          "column": 5
        }
      },
      "25": {
        "start": {
          "line": 44,
          "column": 6
        },
        "end": {
          "line": 48,
          "column": 9
        }
      },
      "26": {
        "start": {
          "line": 49,
          "column": 6
        },
        "end": {
          "line": 49,
          "column": 28
        }
      },
      "27": {
        "start": {
          "line": 51,
          "column": 6
        },
        "end": {
          "line": 51,
          "column": 40
        }
      },
      "28": {
        "start": {
          "line": 54,
          "column": 2
        },
        "end": {
          "line": 64,
          "column": 3
        }
      },
      "29": {
        "start": {
          "line": 55,
          "column": 4
        },
        "end": {
          "line": 63,
          "column": 13
        }
      },
      "30": {
        "start": {
          "line": 65,
          "column": 2
        },
        "end": {
          "line": 75,
          "column": 3
        }
      },
      "31": {
        "start": {
          "line": 66,
          "column": 4
        },
        "end": {
          "line": 74,
          "column": 13
        }
      },
      "32": {
        "start": {
          "line": 76,
          "column": 2
        },
        "end": {
          "line": 209,
          "column": 11
        }
      },
      "33": {
        "start": {
          "line": 114,
          "column": 35
        },
        "end": {
          "line": 195,
          "column": 14
        }
      },
      "34": {
        "start": {
          "line": 172,
          "column": 29
        },
        "end": {
          "line": 172,
          "column": 53
        }
      },
      "35": {
        "start": {
          "line": 211,
          "column": 0
        },
        "end": {
          "line": 211,
          "column": 45
        }
      },
      "36": {
        "start": {
          "line": 212,
          "column": 0
        },
        "end": {
          "line": 212,
          "column": 14
        }
      },
      "37": {
        "start": {
          "line": 215,
          "column": 0
        },
        "end": {
          "line": 215,
          "column": 29
        }
      },
      "38": {
        "start": {
          "line": 217,
          "column": 20
        },
        "end": {
          "line": 217,
          "column": 97
        }
      },
      "39": {
        "start": {
          "line": 218,
          "column": 0
        },
        "end": {
          "line": 232,
          "column": 1
        }
      },
      "40": {
        "start": {
          "line": 219,
          "column": 2
        },
        "end": {
          "line": 223,
          "column": 3
        }
      },
      "41": {
        "start": {
          "line": 220,
          "column": 4
        },
        "end": {
          "line": 222,
          "column": 6
        }
      },
      "42": {
        "start": {
          "line": 224,
          "column": 2
        },
        "end": {
          "line": 231,
          "column": 5
        }
      },
      "43": {
        "start": {
          "line": 225,
          "column": 4
        },
        "end": {
          "line": 225,
          "column": 156
        }
      },
      "44": {
        "start": {
          "line": 226,
          "column": 4
        },
        "end": {
          "line": 230,
          "column": 7
        }
      },
      "45": {
        "start": {
          "line": 227,
          "column": 6
        },
        "end": {
          "line": 227,
          "column": 31
        }
      },
      "46": {
        "start": {
          "line": 227,
          "column": 24
        },
        "end": {
          "line": 227,
          "column": 31
        }
      },
      "47": {
        "start": {
          "line": 228,
          "column": 32
        },
        "end": {
          "line": 228,
          "column": 205
        }
      },
      "48": {
        "start": {
          "line": 229,
          "column": 6
        },
        "end": {
          "line": 229,
          "column": 75
        }
[...]
AAAA,EAEJ;AAEA,MAAIE,SAAS,CAACJ,UAAU;AACtB,WACE,uBAAC,SAAI,WAAU,6DACb,iCAAC,SAAI,WAAU,mEACZI,mBAAS,4BADZ;AAAA;AAAA;AAAA;AAAA,WAEA,KAHF;AAAA;AAAA;AAAA;AAAA,WAIA;AAAA,EAEJ;AAEA,SACE,uBAAC,SAAI,WAAU,iCACb,iCAAC,SAAI,WAAU,oCACb,iCAAC,SAAI,WAAU,qCACb;AAAA,2BAAC,QAAG,WAAU,yCAAwC,WAAQ,SAAQ,0BAAtE;AAAA;AAAA;AAAA;AAAA,WAAgF;AAAA,IAEhF,uBAAC,SAAI,WAAU,kBACb;AAAA,6BAAC,SAAI,WAAU,iBACb;AAAA,+BAAC,WAAM,WAAU,kDAAgD,0BAAjE;AAAA;AAAA;AAAA;AAAA,eAEA;AAAA,QACA,uBAAC,OAAE,WAAU,yBAAyBJ,mBAAS4C,aAA/C;AAAA;AAAA;AAAA;AAAA,eAAyD;AAAA,WAJ3D;AAAA;AAAA;AAAA;AAAA,aAKA;AAAA,MAEA,uBAAC,SAAI,WAAU,iBACb;AAAA,+BAAC,WAAM,WAAU,kDAAgD,yBAAjE;AAAA;AAAA;AAAA;AAAA,eAEA;AAAA,QACA,uBAAC,OAAE,WAAU,yBAAyB5C,mBAAS6C,YAA/C;AAAA;AAAA;AAAA;AAAA,eAAwD;AAAA,WAJ1D;AAAA;AAAA;AAAA;AAAA,aAKA;AAAA,MAEA,uBAAC,SAAI,WAAU,iBACb;AAAA,+BAAC,WAAM,WAAU,kDAAgD,qBAAjE;AAAA;AAAA;AAAA;AAAA,eAEA;AAAA,QACA,uBAAC,OAAE,WAAU,yBAAyB7C,mBAAS8C,SAA/C;AAAA;AAAA;AAAA;AAAA,eAAqD;AAAA,WAJvD;AAAA;AAAA;AAAA;AAAA,aAKA;AAAA,MAEA,uBAAC,SAAI,WAAU,iBACb;AAAA,+BAAC,WAAM,WAAU,kDAAgD,4BAAjE;AAAA;AAAA;AAAA;AAAA,eAEA;AAAA,QACA,uBAAC,OAAE,WAAU,yBAAwB,WAAQ,gBAC1C9C,mBAAS0C,QACR,uBAAC,UAAK,WAAU,8EAA4E,6BAA5F;AAAA;AAAA;AAAA;AAAA,eAEA,IAEA,uBAAC,UAAK,WAAU,0EAAwE,oBAAxF;AAAA;AAAA;AAAA;AAAA,eAEA,KARJ;AAAA;AAAA;AAAA;AAAA,eAUA;AAAA,QACC5B,SAAS,CAACd,SAAS0C,QAClB,uBAAC,SAAI,WAAU,QACb;AAAA;AAAA,YAAC;AAAA;AAAA,cACC,SAASH;AAAAA,cACT,UAAUjC;AAAAA,cACV,WAAU;AAAA,cACV,WAAQ;AAAA,cAEPA,2BAAiB,iBAAiB;AAAA;AAAA,YANrC;AAAA;AAAA;AAAA;AAAA;AAAA;AAAA;AAAA;AAAA,UAOA;AAAA,UACCE,eACC,uBAAC,SAAI,WAAU,6BAA6BA,0BAA5C;AAAA;AAAA;AAAA;AAAA,iBAAyD,IACvD;AAAA,aAXN;AAAA;AAAA;AAAA;AAAA,eAYA,IACE;AAAA,WA7BN;AAAA;AAAA;AAAA;AAAA,aA8BA;AAAA,MAEA,uBAAC,SAAI,WAAU,iBACb;AAAA,+BAAC,WAAM,WAAU,kDAAgD,4BAAjE;AAAA;AAAA;AAAA;AAAA,eAEA;AAAA,QACA,uBAAC,OAAE,WAAU,yBACVR,uBAAa,QAAQA,SAAS+C,YAC/B,IAAIC,KAAKhD,SAAS+C,SAAS,EAAEE,mBAAmB,SAAS;AAAA,UACvDC,MAAM;AAAA,UACNC,OAAO;AAAA,UACPC,KAAK;AAAA,QACP,CAAC,IAAI,MANP;AAAA;AAAA;AAAA;AAAA,eAOA;AAAA,WAXF;AAAA;AAAA;AAAA;AAAA,aAYA;AAAA,SAlEF;AAAA;AAAA;AAAA;AAAA,WAmEA;AAAA,IAEA,uBAAC,SAAI,WAAU,kBACb;AAAA;AAAA,QAAC;AAAA;AAAA,UACC,WAAQ;AAAA,UACR,SAAS,MAAMrD,SAAS,WAAW;AAAA,UACnC,WAAU;AAAA,UAA0E;AAAA;AAAA,QAHtF;AAAA;AAAA;AAAA;AAAA;AAAA;AAAA;AAAA;AAAA,MAMA;AAAA,MACA;AAAA,QAAC;AAAA;AAAA,UACC,WAAQ;AAAA,UACR,SAASkC;AAAAA,UACT,WAAU;AAAA,UAA6D;AAAA;AAAA,QAHzE;AAAA;AAAA;AAAA;AAAA;AAAA;AAAA;AAAA;AAAA,MAMA;AAAA,SAdF;AAAA;AAAA;AAAA;AAAA,WAeA;AAAA,OAvFF;AAAA;AAAA;AAAA;AAAA,SAwFA,KAzFF;AAAA;AAAA;AAAA;AAAA,SA0FA,KA3FF;AAAA;AAAA;AAAA;AAAA,SA4FA;AAEJ;AAACnC,GAlMQD,SAAO;AAAA,UACGJ,WAAW;AAAA;AAAA,KADrBI;AAoMT,eAAeA;AAAQ,IAAAwD;AAAA,aAAAA,IAAA",
      "names": [
        "useState",
        "useEffect",
        "useNavigate",
        "api",
        "authService",
        "axios",
        "Profile",
        "_s",
        "navigate",
        "userInfo",
        "setUserInfo",
        "loading",
        "setLoading",
        "error",
        "setError",
        "promoteLoading",
        "setPromoteLoading",
        "promoteError",
        "setPromoteError",
        "user",
        "getCurrentUser",
        "token",
        "getToken",
        "isDev",
        "import",
        "env",
        "DEV",
        "uid",
        "id",
        "controller",
        "AbortController",
        "fetchUserInfo",
        "abort",
        "cont",
        "response",
        "get",
        "headers",
        "Authorization",
        "signal",
        "data",
        "err",
        "isCancel",
        "handleDeleteAccount",
        "window",
        "confirm",
        "delete",
        "logout",
        "alert",
        "handlePromoteAdmin",
        "post",
        "updateCurrentUser",
        "admin",
        "console",
        "firstName",
        "lastName",
        "email",
        "createdAt",
        "Date",
        "toLocaleDateString",
        "year",
        "month",
        "day",
        "_c"
      ],
      "ignoreList": [],
      "sources": [
        "/mnt/disque_local/Travail/2026 - OC/Projet_04/Projet_4/frontend/src/pages/Profile.tsx"
      ],
      "file": "/mnt/disque_local/Travail/2026 - OC/Projet_04/Projet_4/frontend/src/pages/Profile.tsx"
    },
    "_coverageSchema": "1a1c01bbd47fc00a2c39e90264f33305004495a9",
    "hash": "37de4c91726c2c545553e4e256b2d01b527bce78"
  },
  "/mnt/disque_local/Travail/2026 - OC/Projet_04/Projet_4/frontend/src/App.tsx": {
    "path": "/mnt/disque_local/Travail/2026 - OC/Projet_04/Projet_4/frontend/src/App.tsx",
    "statementMap": {
      "0": {
        "start": {
          "line": 12,
          "column": 26
        },
        "end": {
          "line": 12,
          "column": 55
        }
      },
      "1": {
        "start": {
          "line": 13,
          "column": 2
        },
        "end": {
          "line": 17,
          "column": 11
        }
      },
      "2": {
        "start": {
          "line": 19,
          "column": 0
        },
        "end": {
          "line": 19,
          "column": 18
        }
      },
      "3": {
        "start": {
          "line": 21,
          "column": 2
        },
        "end": {
          "line": 183,
          "column": 11
        }
      },
      "4": {
        "start": {
          "line": 185,
          "column": 0
        },
        "end": {
          "line": 185,
          "column": 10
        }
      },
      "5": {
        "start": {
          "line": 188,
          "column": 0
        },
        "end": {
          "line": 188,
          "column": 33
        }
      },
      "6": {
        "start": {
          "line": 189,
          "column": 0
        },
        "end": {
          "line": 189,
          "column": 25
        }
      },
      "7": {
        "start": {
          "line": 191,
          "column": 20
        },
        "end": {
          "line": 191,
          "column": 97
        }
      },
      "8": {
        "start": {
          "line": 192,
          "column": 0
        },
        "end": {
          "line": 206,
          "column": 1
        }
      },
      "9": {
        "start": {
          "line": 193,
          "column": 2
        },
        "end": {
          "line": 197,
          "column": 3
        }
      },
      "10": {
        "start": {
          "line": 194,
          "column": 4
        },
        "end": {
          "line": 196,
          "column": 6
        }
      },
      "11": {
        "start": {
          "line": 198,
          "column": 2
        },
        "end": {
          "line": 205,
          "column": 5
        }
      },
      "12": {
        "start": {
          "line": 199,
          "column": 4
        },
        "end": {
          "line": 199,
          "column": 145
        }
      },
      "13": {
        "start": {
          "line": 200,
          "column": 4
        },
        "end": {
          "line": 204,
          "column": 7
        }
      },
      "14": {
        "start": {
          "line": 201,
          "column": 6
        },
        "end": {
          "line": 201,
          "column": 31
        }
      },
      "15": {
        "start": {
          "line": 201,
          "column": 24
        },
        "end": {
          "line": 201,
          "column": 31
        }
      },
      "16": {
        "start": {
          "line": 202,
          "column": 32
        },
        "end": {
          "line": 202,
          "column": 194
        }
      },
      "17": {
        "start": {
          "line": 203,
          "column": 6
        },
        "end": {
          "line": 203,
          "column": 75
        }
      },
      "18": {
        "start": {
          "line": 203,
          "column": 29
        },
        "end": {
          "line": 203,
          "column": 75
        }
      },
      "19": {
        "start": {
          "line": 208,
          "column": 2
        },
        "end": {
          "line": 208,
          "column": 124
        }
      },
      "20": {
        "start": {
          "line": 211,
          "column": 2
        },
        "end": {
          "line": 211,
          "column": 62
        }
      }
    },
    "fnMap": {
      "0": {
        "name": "PrivateRoute",
        "decl": {
          "start": {
            "line": 11,
            "column": 9
          },
          "end": {
            "line": 11,
            "column": 21
          }
        },
        "loc": {
          "start": {
            "line": 11,
            "column": 36
          },
          "end": {
            "line": 18,
            "column": 1
          }
        },
        "line": 11
      },
      "1": {
        "name": "App",
        "decl": {
          "start": {
            "line": 20,
            "column": 9
          },
          "end": {
            "line": 20,
            "column": 12
          }
        },
        "loc": {
          "start": {
            "line": 20,
            "column": 15
          },
          "end": {
            "line": 184,
            "column": 1
          }
        },
        "line": 20
      },
      "2": {
        "name": "(anonymous_2)",
        "decl": {
          "start": {
            "line": 198,
            "column": 52
          },
          "end": {
            "line": 198,
            "column": 53
          }
        },
        "loc": {
          "start": {
            "line": 198,
            "column": 72
          },
          "end": {
            "line": 205,
            "column": 3
          }
        },
        "line": 198
      },
      "3": {
        "name": "(anonymous_3)",
        "decl": {
          "start": {
            "line": 200,
            "column": 27
          },
          "end": {
            "line": 200,
            "column": 28
          }
        },
        "loc": {
          "start": {
            "line": 200,
            "column": 44
          },
          "end": {
            "line": 204,
            "column": 5
          }
        },
        "line": 200
      },
      "4": {
        "name": "$RefreshReg$",
        "decl": {
          "start": {
            "line": 207,
            "column": 9
          },
          "end": {
            "line": 207,
            "column": 21
          }
        },
        "loc": {
          "start": {
            "line": 207,
            "column": 32
          },
          "end": {
            "line": 209,
            "column": 1
          }
        },
        "line": 207
      },
      "5": {
        "name": "$RefreshSig$",
        "decl": {
          "start": {
            "line": 210,
            "column": 9
          },
          "end": {
            "line": 210,
            "column": 21
          }
        },
        "loc": {
          "start": {
            "line": 210,
            "column": 24
          },
          "end": {
            "line": 212,
            "column": 1
          }
        },
        "line": 210
      }
    },
    "branchMap": {
      "0": {
        "loc": {
          "start": {
            "line": 13,
            "column": 9
          },
          "end": {
            "line": 17,
            "column": 10
          }
        },
        "type": "cond-expr",
        "locations": [
          {
            "start": {
              "line": 13,
              "column": 27
            },
            "end": {
              "line": 13,
              "column": 35
            }
          },
          {
            "start": {
              "line": 13,
              "column": 54
            },
            "end": {
              "line": 17,
              "column": 10
            }
          }
        ],
        "line": 13
      },
      "1": {
        "loc": {
          "start": {
            "line": 191,
            "column": 20
          },
          "end": {
            "line": 191,
            "column": 97
          }
        },
        "type": "binary-expr",
        "locations": [
          {
            "start": {
              "line": 191,
              "column": 20
            },
            "end": {
              "line": 191,
              "column": 60
            }
          },
          {
            "start": {
              "line": 191,
              "column": 64
            },
            "end": {
              "line": 191,
              "column": 97
            }
          }
        ],
        "line": 191
      },
      "2": {
        "loc": {
          "start": {
            "line": 192,
            "column": 0
          },
          "end": {
            "line": 206,
            "column": 1
          }
        },
        "type": "if",
        "locations": [
          {
            "start": {
              "line": 192,
              "column": 0
            },
            "end": {
              "line": 206,
              "column": 1
            }
          },
          {
            "start": {},
            "end": {}
          }
        ],
        "line": 192
      },
      "3": {
        "loc": {
          "start": {
            "line": 192,
            "column": 4
          },
          "end": {
            "line": 192,
            "column": 35
          }
        },
        "type": "binary-expr",
        "locations": [
          {
            "start": {
              "line": 192,
              "column": 4
            },
            "end": {
              "line": 192,
              "column": 19
            }
          },
          {
            "start": {
              "line": 192,
              "column": 23
            },
            "end": {
              "line": 192,
              "column": 35
            }
          }
        ],
        "line": 192
      },
      "4": {
        "loc": {
          "start": {
            "line": 193,
            "column": 2
          },
          "end": {
            "line": 197,
            "column": 3
          }
        },
        "type": "if",
        "locations": [
          {
            "start": {
              "line": 193,
              "column": 2
            },
            "end": {
              "line": 197,
              "column": 3
            }
          },
          {
            "start": {},
            "end": {}
          }
        ],
        "line": 193
      },
      "5": {
        "loc": {
          "start": {
            "line": 201,
            "column": 6
          },
          "end": {
            "line": 201,
            "column": 31
          }
        },
        "type": "if",
        "locations": [
          {
            "start": {
              "line": 201,
              "column": 6
            },
            "end": {
              "line": 201,
              "column": 31
            }
          },
          {
            "start": {},
            "end": {}
          }
        ],
        "line": 201
      },
      "6": {
        "loc": {
          "start": {
            "line": 203,
            "column": 6
          },
          "end": {
            "line": 203,
            "column": 75
          }
        },
        "type": "if",
        "locations": [
          {
            "start": {
              "line": 203,
              "column": 6
            },
            "end": {
              "line": 203,
              "column": 75
            }
          },
          {
            "start": {},
            "end": {}
          }
        ],
        "line": 203
      }
    },
    "s": {
      "0": 312,
      "1": 312,
      "2": 36,
      "3": 72,
      "4": 36,
      "5": 36,
      "6": 36,
      "7": 36,
      "8": 36,
      "9": 36,
      "10": 0,
      "11": 36,
      "12": 36,
      "13": 36,
      "14": 0,
      "15": 0,
      "16": 0,
      "17": 0,
      "18": 0,
      "19": 72,
      "20": 0
    },
    "f": {
      "0": 312,
      "1": 72,
      "2": 36,
      "3": 0,
      "4": 72,
      "5": 0
    },
    "b": {
      "0": [
        252,
        60
      ],
      "1": [
        36,
        0
      ],
      "2": [
        36,
        0
      ],
      "3": [
        36,
        36
      ],
      "4": [
        0,
        36
      ],
      "5": [
        0,
        0
      ],
      "6": [
        0,
        0
      ]
    },
    "inputSourceMap": {
      "version": 3,
      "mappings": "AAYsC;AAZtC,SAASA,iBAAiBC,QAAQC,QAAQC,OAAOC,gBAAgB;AACjE,OAAOC,YAAY;AACnB,OAAOC,WAAW;AAClB,OAAOC,cAAc;AACrB,OAAOC,cAAc;AACrB,OAAOC,mBAAmB;AAC1B,OAAOC,iBAAiB;AACxB,OAAOC,aAAa;AACpB,SAASC,mBAAmB;AAE5B,SAASC,aAAa,EAAEC,SAAwC,GAAG;AACjE,QAAMC,kBAAkBH,YAAYG,gBAAgB;AACpD,SAAOA,kBAAkBD,WAAW,uBAAC,YAAS,IAAG,YAAb;AAAA;AAAA;AAAA;AAAA,SAAqB;AAC3D;AAACE,KAHQH;AAKT,SAASI,MAAM;AACb,SACE,uBAAC,UACC,iCAAC,SAAI,WAAU,4BACb;AAAA,2BAAC,YAAD;AAAA;AAAA;AAAA;AAAA,WAAO;AAAA,IACP,uBAAC,UACC;AAAA,6BAAC,SAAM,MAAK,KAAI,SAAS,uBAAC,YAAS,IAAG,eAAb;AAAA;AAAA;AAAA;AAAA,aAAwB,KAAjD;AAAA;AAAA;AAAA;AAAA,aAAqD;AAAA,MACrD,uBAAC,SAAM,MAAK,UAAS,SAAS,uBAAC,WAAD;AAAA;AAAA;AAAA;AAAA,aAAM,KAApC;AAAA;AAAA;AAAA;AAAA,aAAwC;AAAA,MACxC,uBAAC,SAAM,MAAK,aAAY,SAAS,uBAAC,cAAD;AAAA;AAAA;AAAA;AAAA,aAAS,KAA1C;AAAA;AAAA;AAAA;AAAA,aAA8C;AAAA,MAC9C;AAAA,QAAC;AAAA;AAAA,UACC,MAAK;AAAA,UACL,SACE,uBAAC,gBACC,iCAAC,cAAD;AAAA;AAAA;AAAA;AAAA,iBAAS,KADX;AAAA;AAAA;AAAA;AAAA,iBAEA;AAAA;AAAA,QALJ;AAAA;AAAA;AAAA;AAAA;AAAA;AAAA;AAAA;AAAA,MAMG;AAAA,MAEH;AAAA,QAAC;AAAA;AAAA,UACC,MAAK;AAAA,UACL,SACE,uBAAC,gBACC,iCAAC,mBAAD;AAAA;AAAA;AAAA;AAAA,iBAAc,KADhB;AAAA;AAAA;AAAA;AAAA,iBAEA;AAAA;AAAA,QALJ;AAAA;AAAA;AAAA;AAAA;AAAA;AAAA;AAAA;AAAA,MAMG;AAAA,MAEH;AAAA,QAAC;AAAA;AAAA,UACC,MAAK;AAAA,UACL,SACE,uBAAC,gBACC,iCAAC,iBAAD;AAAA;AAAA;AAAA;AAAA,iBAAY,KADd;AAAA;AAAA;AAAA;AAAA,iBAEA;AAAA;AAAA,QALJ;AAAA;AAAA;AAAA;AAAA;AAAA;AAAA;AAAA;AAAA,MAMG;AAAA,MAEH;AAAA,QAAC;AAAA;AAAA,UACC,MAAK;AAAA,UACL,SACE,uBAAC,gBACC,iCAAC,iBAAD;AAAA;AAAA;AAAA;AAAA,iBAAY,KADd;AAAA;AAAA;AAAA;AAAA,iBAEA;AAAA;AAAA,QALJ;AAAA;AAAA;AAAA;AAAA;AAAA;AAAA;AAAA;AAAA,MAMG;AAAA,MAEH;AAAA,QAAC;AAAA;AAAA,UACC,MAAK;AAAA,UACL,SACE,uBAAC,gBACC,iCAAC,aAAD;AAAA;AAAA;AAAA;AAAA,iBAAQ,KADV;AAAA;AAAA;AAAA;AAAA,iBAEA;AAAA;AAAA,QALJ;AAAA;AAAA;AAAA;AAAA;AAAA;AAAA;AAAA;AAAA,MAMG;AAAA,SA1CL;AAAA;AAAA;AAAA;AAAA,WA4CA;AAAA,OA9CF;AAAA;AAAA;AAAA;AAAA,SA+CA,KAhDF;AAAA;AAAA;AAAA;AAAA,SAiDA;AAEJ;AAACC,MArDQD;AAuDT,eAAeA;AAAI,IAAAD,IAAAE;AAAA,aAAAF,IAAA;AAAA,aAAAE,KAAA",
      "names": [
        "BrowserRouter",
        "Router",
        "Routes",
        "Route",
        "Navigate",
        "Navbar",
        "Login",
        "Register",
        "Sessions",
        "SessionDetail",
        "SessionForm",
        "Profile",
        "authService",
        "PrivateRoute",
        "children",
        "isAuthenticated",
        "_c",
        "App",
        "_c2"
      ],
      "ignoreList": [],
      "sources": [
        "/mnt/disque_local/Travail/2026 - OC/Projet_04/Projet_4/frontend/src/App.tsx"
      ],
      "file": "/mnt/disque_local/Travail/2026 - OC/Projet_04/Projet_4/frontend/src/App.tsx"
    },
    "_coverageSchema": "1a1c01bbd47fc00a2c39e90264f33305004495a9",
    "hash": "f136c3c6865b15cf3159015a8d84ef6d1f77ef5e"
  },
  "/mnt/disque_local/Travail/2026 - OC/Projet_04/Projet_4/frontend/src/main.tsx": {
    "path": "/mnt/disque_local/Travail/2026 - OC/Projet_04/Projet_4/frontend/src/main.tsx",
    "statementMap": {
      "0": {
        "start": {
          "line": 6,
          "column": 0
        },
        "end": {
          "line": 16,
          "column": 2
        }
      }
    },
    "fnMap": {},
    "branchMap": {},
    "s": {
      "0": 36
    },
    "f": {},
    "b": {},
    "inputSourceMap": {
      "version": 3,
      "mappings": "AAOI;AAPJ,OAAOA,WAAW;AAClB,OAAOC,cAAc;AACrB,OAAOC,SAAS;AAChB,OAAO;AAEPD,SAASE,WAAWC,SAASC,eAAe,MAAM,CAAE,EAAEC;AAAAA,EACpD,uBAAC,MAAM,YAAN,EACC,iCAAC,SAAD;AAAA;AAAA;AAAA;AAAA,SAAI,KADN;AAAA;AAAA;AAAA;AAAA,SAEA;AACF",
      "names": [
        "React",
        "ReactDOM",
        "App",
        "createRoot",
        "document",
        "getElementById",
        "render"
      ],
      "ignoreList": [],
      "sources": [
        "/mnt/disque_local/Travail/2026 - OC/Projet_04/Projet_4/frontend/src/main.tsx"
      ],
      "file": "/mnt/disque_local/Travail/2026 - OC/Projet_04/Projet_4/frontend/src/main.tsx"
    },
    "_coverageSchema": "1a1c01bbd47fc00a2c39e90264f33305004495a9",
    "hash": "ff0df1a12451e8fedf0823d49865e0dc7b9d5010"
  }
}